生成启动时间为 2021/1/3 13:04:04。
     1>项目“E:\C语言项目\Mygame4\Mygame4.vcxproj”在节点 2 上(Build 个目标)。
     1>PreBuildEvent:
         xcopy "E:\C语言项目\Mygame4\dlls" "E:\C语言项目\Mygame4\Debug\" /E /Y /D
         xcopy "E:\C语言项目\Mygame4\Images" "E:\C语言项目\Mygame4\Debug\Images\" /E /Y /D
         xcopy "E:\C语言项目\Mygame4\Sounds" "E:\C语言项目\Mygame4\Debug\Sounds\" /E /Y /D
         xcopy "E:\C语言项目\Mygame4\Sprites" "E:\C语言项目\Mygame4\Debug\Sprites\" /E /Y /D
         :VCEnd
         E:\C语言项目\Mygame4\dlls\glut.dll
         E:\C语言项目\Mygame4\dlls\glut32.dll
         E:\C语言项目\Mygame4\dlls\libpng16.dll
         E:\C语言项目\Mygame4\dlls\msvcr90.dll
         E:\C语言项目\Mygame4\dlls\YZKGame.dll
         E:\C语言项目\Mygame4\dlls\zlib1.dll
         复制了 6 个文件
         复制了 0 个文件
         复制了 0 个文件
         复制了 0 个文件
       ClCompile:
         D:\Visual Studio\VC\bin\CL.exe /c /ZI /nologo /W3 /WX- /Od /Oy- /D WIN32 /D _DEBUG /D _CONSOLE /D _UNICODE /D UNICODE /Gm /EHsc /RTC1 /MDd /GS /fp:precise /Zc:wchar_t /Zc:forScope /Fo"Debug\\" /Fd"Debug\vc110.pdb" /Gd /TC /analyze- /errorReport:prompt Main.c
         Main.c
       Link:
         D:\Visual Studio\VC\bin\link.exe /ERRORREPORT:PROMPT /OUT:"E:\C语言项目\Mygame4\Debug\Mygame4.exe" /INCREMENTAL /NOLOGO kernel32.lib user32.lib gdi32.lib winspool.lib comdlg32.lib advapi32.lib shell32.lib ole32.lib oleaut32.lib uuid.lib odbc32.lib odbccp32.lib /MANIFEST /MANIFESTUAC:"level='asInvoker' uiAccess='false'" /manifest:embed /DEBUG /PDB:"E:\C语言项目\Mygame4\Debug\Mygame4.pdb" /SUBSYSTEM:CONSOLE /TLBID:1 /DYNAMICBASE /NXCOMPAT /IMPLIB:"E:\C语言项目\Mygame4\Debug\Mygame4.lib" /MACHINE:X86 Debug\Main.obj
         Mygame4.vcxproj -> E:\C语言项目\Mygame4\Debug\Mygame4.exe
     1>已完成生成项目“E:\C语言项目\Mygame4\Mygame4.vcxproj”(Build 个目标)的操作。

生成成功。

已用时间 00:00:00.82
