生成启动时间为 2020/12/31 15:31:55。
     1>项目“E:\C语言项目\Mygame1\Mygame1.vcxproj”在节点 2 上(Build 个目标)。
     1>PreBuildEvent:
         xcopy "E:\C语言项目\Mygame1\dlls" "E:\C语言项目\Mygame1\Debug\" /E /Y /D
         xcopy "E:\C语言项目\Mygame1\Images" "E:\C语言项目\Mygame1\Debug\Images\" /E /Y /D
         xcopy "E:\C语言项目\Mygame1\Sounds" "E:\C语言项目\Mygame1\Debug\Sounds\" /E /Y /D
         xcopy "E:\C语言项目\Mygame1\Sprites" "E:\C语言项目\Mygame1\Debug\Sprites\" /E /Y /D
         :VCEnd
         复制了 0 个文件
         复制了 0 个文件
         复制了 0 个文件
         复制了 0 个文件
       ClCompile:
         D:\Visual Studio\VC\bin\CL.exe /c /ZI /nologo /W3 /WX- /Od /Oy- /D WIN32 /D _DEBUG /D _CONSOLE /D _UNICODE /D UNICODE /Gm /EHsc /RTC1 /MDd /GS /fp:precise /Zc:wchar_t /Zc:forScope /Fo"Debug\\" /Fd"Debug\vc110.pdb" /Gd /TC /analyze- /errorReport:prompt Main.c
         Main.c
       Link:
         D:\Visual Studio\VC\bin\link.exe /ERRORREPORT:PROMPT /OUT:"E:\C语言项目\Mygame1\Debug\Mygame1.exe" /INCREMENTAL /NOLOGO kernel32.lib user32.lib gdi32.lib winspool.lib comdlg32.lib advapi32.lib shell32.lib ole32.lib oleaut32.lib uuid.lib odbc32.lib odbccp32.lib /MANIFEST /MANIFESTUAC:"level='asInvoker' uiAccess='false'" /manifest:embed /DEBUG /PDB:"E:\C语言项目\Mygame1\Debug\Mygame1.pdb" /SUBSYSTEM:CONSOLE /TLBID:1 /DYNAMICBASE /NXCOMPAT /IMPLIB:"E:\C语言项目\Mygame1\Debug\Mygame1.lib" /MACHINE:X86 Debug\Main.obj
         Mygame1.vcxproj -> E:\C语言项目\Mygame1\Debug\Mygame1.exe
     1>已完成生成项目“E:\C语言项目\Mygame1\Mygame1.vcxproj”(Build 个目标)的操作。

生成成功。

已用时间 00:00:00.86
